Copyright 1986-2019 Xilinx, Inc. All Rights Reserved.
---------------------------------------------------------------------------------------
| Tool Version : Vivado v.2019.2 (win64) Build 2708876 Wed Nov  6 21:40:23 MST 2019
| Date         : Sat Jun 20 03:18:23 2020
| Host         : Drus-PC running 64-bit Service Pack 1  (build 7601)
| Command      : report_control_sets -verbose -file NEXYS4_DDR_control_sets_placed.rpt
| Design       : NEXYS4_DDR
| Device       : xc7a100t
---------------------------------------------------------------------------------------

Control Set Information

Table of Contents
-----------------
1. Summary
2. Histogram
3. Flip-Flop Distribution
4. Detailed Control Set Information

1. Summary
----------

+----------------------------------------------------------+-------+
|                          Status                          | Count |
+----------------------------------------------------------+-------+
| Total control sets                                       |    28 |
|    Minimum number of control sets                        |    28 |
|    Addition due to synthesis replication                 |     0 |
|    Addition due to physical synthesis replication        |     0 |
| Unused register locations in slices containing registers |    65 |
+----------------------------------------------------------+-------+
* Control sets can be merged at opt_design using control_set_merge or merge_equivalent_drivers
** Run report_qor_suggestions for automated merging and remapping suggestions


2. Histogram
------------

+--------------------+-------+
|       Fanout       | Count |
+--------------------+-------+
| Total control sets |    28 |
| >= 0 to < 4        |     2 |
| >= 4 to < 6        |     2 |
| >= 6 to < 8        |     0 |
| >= 8 to < 10       |     5 |
| >= 10 to < 12      |     0 |
| >= 12 to < 14      |     0 |
| >= 14 to < 16      |     0 |
| >= 16              |    19 |
+--------------------+-------+
* Control sets can be remapped at either synth_design or opt_design


3. Flip-Flop Distribution
-------------------------

+--------------+-----------------------+------------------------+-----------------+--------------+
| Clock Enable | Synchronous Set/Reset | Asynchronous Set/Reset | Total Registers | Total Slices |
+--------------+-----------------------+------------------------+-----------------+--------------+
| No           | No                    | No                     |              16 |            8 |
| No           | No                    | Yes                    |              26 |           11 |
| No           | Yes                   | No                     |              71 |           18 |
| Yes          | No                    | No                     |             228 |          100 |
| Yes          | No                    | Yes                    |              64 |           21 |
| Yes          | Yes                   | No                     |             202 |           59 |
+--------------+-----------------------+------------------------+-----------------+--------------+


4. Detailed Control Set Information
-----------------------------------

+------------------------+------------------------------------------------+------------------------------------------------+------------------+----------------+
|      Clock Signal      |                  Enable Signal                 |                Set/Reset Signal                | Slice Load Count | Bel Load Count |
+------------------------+------------------------------------------------+------------------------------------------------+------------------+----------------+
|  sys_clk/inst/clk_out1 | udm/udm_controller/srst_o_reg                  |                                                |                1 |              1 |
|  sys_clk/inst/clk_out1 | udm/uart_tx/tx_o_i_1_n_1                       | reset_cntrl/srst                               |                1 |              1 |
|  sys_clk/inst/clk_out1 | udm/uart_rx/FSM_sequential_state[3]_i_1_n_1    | reset_cntrl/srst                               |                1 |              4 |
|  sys_clk/inst/clk_out1 | udm/udm_controller/srst_o_reg                  | reset_cntrl/srst_o_reg_1                       |                2 |              5 |
|  sys_clk/inst/clk_out1 |                                                | udm/uart_rx/SR[0]                              |                2 |              8 |
|  sys_clk/inst/clk_out1 | udm/udm_controller/tx_sendbyte[7]_i_1_n_1      |                                                |                3 |              8 |
|  sys_clk/inst/clk_out1 | udm/udm_controller/tx_sendbyte_ff[7]_i_1_n_1   |                                                |                3 |              8 |
|  sys_clk/inst/clk_out1 | udm/uart_tx/databuf_0                          | reset_cntrl/srst                               |                3 |              8 |
|  sys_clk/inst/clk_out1 | udm/uart_rx/dout_bo[7]_i_1_n_1                 | reset_cntrl/srst                               |                1 |              8 |
|  sys_clk/inst/clk_out1 |                                                |                                                |                8 |             16 |
|  sys_clk/inst/clk_out1 | udm/udm_controller/bus_we_o_reg_1              |                                                |                6 |             16 |
|  sys_clk/inst/clk_out1 | udm/udm_controller/bus_we_o_reg_1              | udm/udm_controller/bus_req_o_reg_1             |                2 |             16 |
|  sys_clk/inst/clk_out1 |                                                | reset_cntrl/arst                               |                4 |             17 |
|  sys_clk/inst/clk_out1 |                                                | reset_cntrl/srst                               |               15 |             28 |
|  sys_clk/inst/clk_out1 | udm/uart_rx/bitperiod_o[28]_i_1_n_1            | reset_cntrl/srst                               |                8 |             30 |
|  sys_clk/inst/clk_out1 | udm/udm_controller/RD_DATA_reg[31]_i_1_n_1     |                                                |                9 |             32 |
|  sys_clk/inst/clk_out1 | udm/udm_controller/E[0]                        |                                                |                9 |             32 |
|  sys_clk/inst/clk_out1 | udm/udm_controller/bus_addr_bo[31]_i_1_n_1     | reset_cntrl/srst                               |               16 |             32 |
|  sys_clk/inst/clk_out1 | udm/udm_controller/bus_wdata_bo[31]_i_1_n_1    | reset_cntrl/srst                               |                5 |             32 |
|  sys_clk/inst/clk_out1 | udm/udm_controller/timeout_counter[31]_i_2_n_1 | udm/udm_controller/timeout_counter[31]_i_1_n_1 |                9 |             32 |
|  sys_clk/inst/clk_out1 | udm/udm_controller/tr_length[31]_i_1_n_1       |                                                |               15 |             32 |
|  sys_clk/inst/clk_out1 | udm/uart_rx/clk_counter                        | reset_cntrl/srst                               |                9 |             32 |
|  sys_clk/inst/clk_out1 | udm/uart_tx/clk_counter                        | reset_cntrl/srst                               |                7 |             32 |
|  sys_clk/inst/clk_out1 | myMake_hash/ap_CS_fsm_state5                   |                                                |               18 |             33 |
|  sys_clk/inst/clk_out1 | myMake_hash/ap_CS_fsm_state3                   |                                                |               18 |             33 |
|  sys_clk/inst/clk_out1 | myMake_hash/ap_CS_fsm_state4                   |                                                |               18 |             33 |
|  sys_clk/inst/clk_out1 | myMake_hash/ap_CS_fsm_state6                   | myMake_hash/i_0_0_reg_149                      |               16 |             34 |
|  sys_clk/inst/clk_out1 |                                                | udm/udm_controller/bus_req_o_reg_0             |                8 |             44 |
+------------------------+------------------------------------------------+------------------------------------------------+------------------+----------------+


